<?xml version="1.0" encoding="UTF-8"?>
<testsuite name="com.exemplo.LivroTest" tests="2" skipped="0" failures="0" errors="0" timestamp="2024-09-18T17:38:32" hostname="LTDBNCBV3" time="0.009">
  <properties/>
  <testcase name="testLivro()" classname="com.exemplo.LivroTest" time="0.002"/>
  <testcase name="testSetDisponivel()" classname="com.exemplo.LivroTest" time="0.006"/>
  <system-out><![CDATA[]]></system-out>
  <system-err><![CDATA[]]></system-err>
</testsuite>
